SF:lib\choose_action\widgets\custom_select_page_button.dart
DA:7,2
DA:11,1
DA:13,1
DA:15,1
DA:17,3
DA:18,1
DA:19,1
DA:20,1
DA:21,2
DA:23,2
DA:25,1
DA:26,1
LF:12
LH:12
end_of_record
SF:lib\counter_page\counter_page.dart
DA:8,1
DA:10,1
DA:12,2
DA:13,1
DA:14,1
DA:15,1
DA:16,1
DA:17,1
DA:18,1
DA:19,1
DA:20,2
DA:21,3
DA:22,1
DA:23,1
LF:14
LH:14
end_of_record
SF:lib\fake_server_fetch\server_fetch_page.dart
DA:7,1
DA:9,1
DA:11,2
DA:12,1
DA:13,1
DA:14,1
DA:15,1
DA:16,1
DA:17,1
DA:22,1
LF:10
LH:10
end_of_record
SF:lib\main.dart
DA:7,0
DA:8,0
DA:16,2
DA:19,1
DA:21,1
DA:23,1
DA:27,1
DA:28,1
DA:29,1
DA:30,1
LF:10
LH:8
end_of_record
SF:lib\choose_action\choose_action_page.dart
DA:10,1
DA:12,0
DA:14,1
DA:16,2
DA:17,1
DA:18,1
DA:19,1
DA:20,1
DA:21,1
DA:22,1
DA:25,1
DA:26,1
DA:32,1
DA:33,1
DA:34,1
DA:35,1
DA:36,1
DA:37,2
LF:18
LH:17
end_of_record
SF:lib\fake_server_fetch\provider\server_data_provider.dart
DA:8,9
DA:10,0
DA:11,0
DA:12,0
DA:16,0
DA:19,0
DA:21,0
DA:23,0
DA:24,0
DA:28,0
DA:29,0
DA:32,0
DA:33,0
DA:34,0
DA:35,0
DA:36,0
DA:40,0
DA:41,0
DA:42,0
DA:46,0
DA:49,0
DA:50,0
DA:51,0
DA:52,0
DA:53,0
DA:57,0
LF:26
LH:1
end_of_record
SF:lib\counter_page\provider\counter_provider.dart
DA:4,4
LF:1
LH:1
end_of_record
SF:lib\counter_page\widgets\add_floating_button.dart
DA:6,1
DA:8,0
DA:10,1
DA:12,2
DA:13,0
DA:14,0
DA:15,0
DA:16,0
DA:19,1
DA:21,1
DA:22,1
DA:23,0
DA:24,0
DA:25,0
DA:26,0
DA:28,0
DA:39,1
DA:40,0
DA:41,0
DA:42,0
DA:43,0
DA:45,0
LF:22
LH:7
end_of_record
SF:lib\fake_server_fetch\provider\filter_data_provider.dart
DA:11,4
DA:14,0
DA:15,0
DA:16,0
DA:18,0
DA:19,0
DA:20,0
DA:21,0
DA:22,0
LF:9
LH:1
end_of_record
SF:lib\fake_server_fetch\repository\fake_data.dart
DA:8,0
DA:15,0
DA:20,0
DA:21,0
DA:22,0
DA:23,0
DA:24,0
LF:7
LH:0
end_of_record
SF:lib\fake_server_fetch\provider\individual_provider.dart
DA:4,0
LF:1
LH:0
end_of_record
SF:lib\fake_server_fetch\repository\fake_server_repository.dart
DA:6,1
DA:7,5
DA:8,0
DA:9,0
DA:10,0
DA:11,0
DA:12,0
DA:13,0
DA:14,0
DA:15,0
DA:16,0
DA:17,0
DA:26,0
DA:28,0
DA:29,0
DA:30,0
DA:31,0
DA:32,0
DA:33,0
DA:34,0
DA:35,0
LF:21
LH:2
end_of_record
SF:lib\fake_server_fetch\provider\similar_title_count_provider.dart
DA:4,0
DA:5,0
DA:6,0
DA:7,0
DA:9,0
DA:10,0
DA:11,0
DA:12,0
DA:13,0
DA:14,0
LF:10
LH:0
end_of_record
SF:lib\fake_server_fetch\widgets\data_list_widget.dart
DA:10,1
DA:12,0
DA:14,1
DA:16,2
DA:17,1
DA:22,0
DA:24,0
DA:25,0
DA:26,0
DA:27,0
DA:28,0
DA:30,0
DA:31,0
DA:37,0
DA:38,0
DA:45,0
DA:46,0
DA:47,0
DA:48,0
DA:50,0
DA:51,0
DA:52,0
DA:53,0
DA:54,0
DA:55,0
DA:56,0
DA:58,0
LF:27
LH:4
end_of_record
SF:lib\fake_server_fetch\widgets\filter_widget.dart
DA:7,1
DA:9,0
DA:11,1
DA:13,1
DA:27,1
DA:30,0
DA:32,1
DA:34,2
DA:35,1
DA:36,1
DA:37,0
DA:38,0
DA:40,1
DA:41,1
DA:43,2
DA:53,1
DA:54,1
DA:55,1
DA:57,1
DA:59,1
LF:20
LH:16
end_of_record
SF:lib\fake_server_fetch\widgets\individual_data_widget.dart
DA:13,0
DA:16,0
DA:18,0
DA:19,0
DA:29,0
DA:30,0
DA:34,0
DA:36,0
DA:37,0
DA:39,0
DA:40,0
DA:41,0
DA:42,0
DA:44,0
DA:45,0
DA:46,0
DA:47,0
DA:48,0
DA:49,0
DA:50,0
DA:51,0
DA:52,0
DA:58,0
DA:59,0
DA:64,0
DA:65,0
DA:66,0
DA:67,0
DA:68,0
DA:74,0
DA:75,0
DA:77,0
DA:78,0
DA:84,0
DA:85,0
DA:86,0
DA:87,0
DA:88,0
DA:89,0
DA:90,0
DA:91,0
DA:92,0
DA:95,0
DA:96,0
DA:97,0
DA:100,0
DA:101,0
DA:102,0
DA:107,0
DA:108,0
DA:112,0
DA:113,0
DA:114,0
DA:115,0
DA:117,0
DA:121,0
DA:122,0
DA:123,0
DA:124,0
DA:132,0
DA:133,0
DA:134,0
DA:135,0
DA:136,0
DA:146,0
DA:147,0
DA:150,0
DA:152,0
DA:153,0
DA:154,0
LF:70
LH:0
end_of_record
SF:lib\fake_server_fetch\widgets\delete_dialog_widget.dart
DA:4,1
DA:6,0
DA:8,0
DA:10,0
DA:13,0
DA:14,0
DA:15,0
DA:16,0
DA:20,0
DA:21,0
DA:22,0
LF:11
LH:1
end_of_record
